-------------------------------------------------------------------------------
Test set: com.talend.se.lambda.handler.TalendJobHandlerTest
-------------------------------------------------------------------------------
Tests run: 1, Failures: 0, Errors: 1, Skipped: 0, Time elapsed: 1.814 s <<< FAILURE! - in com.talend.se.lambda.handler.TalendJobHandlerTest
testLambdaJobHandler(com.talend.se.lambda.handler.TalendJobHandlerTest)  Time elapsed: 1.787 s  <<< ERROR!
java.lang.Error: Class for TalendJob 'se_demo.job2lambda_gettingstarted_03_correlatedlogging_0_1.Job2Lambda_GettingStarted_03_CorrelatedLogging' not found.
	at com.talend.se.lambda.handler.TalendJobHandlerTest.testLambdaJobHandler(TalendJobHandlerTest.java:115)
Caused by: java.lang.ClassNotFoundException: se_demo.job2lambda_gettingstarted_03_correlatedlogging_0_1.Job2Lambda_GettingStarted_03_CorrelatedLogging
	at com.talend.se.lambda.handler.TalendJobHandlerTest.testLambdaJobHandler(TalendJobHandlerTest.java:115)

