<?xml version="1.0" encoding="UTF-8"?>
<testsuite xmlns:xsi="http://www.w3.org/2001/XMLSchema-instance" xsi:noNamespaceSchemaLocation="https://maven.apache.org/surefire/maven-surefire-plugin/xsd/surefire-test-report.xsd" name="com.talend.se.lambda.handler.TalendJobHandlerTest" time="1.814" tests="1" errors="1" skipped="0" failures="0">
  <properties>
[...]
</properties>
  <testcase name="testLambdaJobHandler" classname="com.talend.se.lambda.handler.TalendJobHandlerTest" time="1.787">
    <error message="Class for TalendJob &apos;se_demo.job2lambda_gettingstarted_03_correlatedlogging_0_1.Job2Lambda_GettingStarted_03_CorrelatedLogging&apos; not found." type="java.lang.Error">java.lang.Error: Class for TalendJob 'se_demo.job2lambda_gettingstarted_03_correlatedlogging_0_1.Job2Lambda_GettingStarted_03_CorrelatedLogging' not found.
	at com.talend.se.lambda.handler.TalendJobHandlerTest.testLambdaJobHandler(TalendJobHandlerTest.java:115)
Caused by: java.lang.ClassNotFoundException: se_demo.job2lambda_gettingstarted_03_correlatedlogging_0_1.Job2Lambda_GettingStarted_03_CorrelatedLogging
	at com.talend.se.lambda.handler.TalendJobHandlerTest.testLambdaJobHandler(TalendJobHandlerTest.java:115)
</error>
    <system-out><![CDATA[env[TalendJobClassName]=se_demo.job2lambda_gettingstarted_03_correlatedlogging_0_1.Job2Lambda_GettingStarted_03_CorrelatedLogging
]]></system-out>
  </testcase>
</testsuite>