<?xml version="1.0" encoding="UTF-8" ?>
<testsuite tests="1" failures="0" name="com.talend.se.lambda.handler.TalendJobHandlerTest" time="0.009" errors="1" skipped="0">
  <properties>
[...]
</properties>
  <testcase classname="com.talend.se.lambda.handler.TalendJobHandlerTest" name="testLambdaJobHandler" time="0.009">
    <error message="TalendJobClassName environment variable is missing or empty." type="java.lang.Error">java.lang.Error: TalendJobClassName environment variable is missing or empty.
	at com.talend.se.lambda.handler.TalendJobHandler.handleRequest(TalendJobHandler.java:35)
	at com.talend.se.lambda.handler.TalendJobHandlerTest.testLambdaJobHandler(TalendJobHandlerTest.java:29)
	at sun.reflect.NativeMethodAccessorImpl.invoke0(Native Method)
	at sun.reflect.NativeMethodAccessorImpl.invoke(NativeMethodAccessorImpl.java:62)
	at sun.reflect.DelegatingMethodAccessorImpl.invoke(DelegatingMethodAccessorImpl.java:43)
	at java.lang.reflect.Method.invoke(Method.java:498)
	at org.junit.runners.model.FrameworkMethod$1.runReflectiveCall(FrameworkMethod.java:50)
	at org.junit.internal.runners.model.ReflectiveCallable.run(ReflectiveCallable.java:12)
	at org.junit.runners.model.FrameworkMethod.invokeExplosively(FrameworkMethod.java:47)
	at org.junit.internal.runners.statements.InvokeMethod.evaluate(InvokeMethod.java:17)
	at org.junit.runners.ParentRunner.runLeaf(ParentRunner.java:325)
	at org.junit.runners.BlockJUnit4ClassRunner.runChild(BlockJUnit4ClassRunner.java:78)
	at org.junit.runners.BlockJUnit4ClassRunner.runChild(BlockJUnit4ClassRunner.java:57)
	at org.junit.runners.ParentRunner$3.run(ParentRunner.java:290)
	at org.junit.runners.ParentRunner$1.schedule(ParentRunner.java:71)
	at org.junit.runners.ParentRunner.runChildren(ParentRunner.java:288)
	at org.junit.runners.ParentRunner.access$000(ParentRunner.java:58)
	at org.junit.runners.ParentRunner$2.evaluate(ParentRunner.java:268)
	at org.junit.runners.ParentRunner.run(ParentRunner.java:363)
	at org.apache.maven.surefire.junit4.JUnit4Provider.execute(JUnit4Provider.java:252)
	at org.apache.maven.surefire.junit4.JUnit4Provider.executeTestSet(JUnit4Provider.java:141)
	at org.apache.maven.surefire.junit4.JUnit4Provider.invoke(JUnit4Provider.java:112)
	at sun.reflect.NativeMethodAccessorImpl.invoke0(Native Method)
	at sun.reflect.NativeMethodAccessorImpl.invoke(NativeMethodAccessorImpl.java:62)
	at sun.reflect.DelegatingMethodAccessorImpl.invoke(DelegatingMethodAccessorImpl.java:43)
	at java.lang.reflect.Method.invoke(Method.java:498)
	at org.apache.maven.surefire.util.ReflectionUtils.invokeMethodWithArray(ReflectionUtils.java:189)
	at org.apache.maven.surefire.booter.ProviderFactory$ProviderProxy.invoke(ProviderFactory.java:165)
	at org.apache.maven.surefire.booter.ProviderFactory.invokeProvider(ProviderFactory.java:85)
	at org.apache.maven.surefire.booter.ForkedBooter.runSuitesInProcess(ForkedBooter.java:115)
	at org.apache.maven.surefire.booter.ForkedBooter.main(ForkedBooter.java:75)
</error>
    <system-out>env[TalendJobClassName]=null
System.java.class.path = C:\Users\eost\git\lambda\job\target\test-classes;C:\Users\eost\git\lambda\job\target\classes;C:\Users\eost\.m2\repository\com\talend\se\handler\0.0.1-SNAPSHOT\handler-0.0.1-SNAPSHOT.jar;C:\Users\eost\.m2\repository\com\amazonaws\aws-lambda-java-core\1.1.0\aws-lambda-java-core-1.1.0.jar;C:\Users\eost\.m2\repository\com\amazonaws\aws-lambda-java-events\1.3.0\aws-lambda-java-events-1.3.0.jar;C:\Users\eost\.m2\repository\com\amazonaws\aws-java-sdk-s3\1.11.475\aws-java-sdk-s3-1.11.475.jar;C:\Users\eost\.m2\repository\com\amazonaws\aws-java-sdk-kms\1.11.475\aws-java-sdk-kms-1.11.475.jar;C:\Users\eost\.m2\repository\com\amazonaws\aws-java-sdk-core\1.11.475\aws-java-sdk-core-1.11.475.jar;C:\Users\eost\.m2\repository\commons-logging\commons-logging\1.1.3\commons-logging-1.1.3.jar;C:\Users\eost\.m2\repository\org\apache\httpcomponents\httpclient\4.5.5\httpclient-4.5.5.jar;C:\Users\eost\.m2\repository\org\apache\httpcomponents\httpcore\4.4.9\httpcore-4.4.9.jar;C:\Users\eost\.m2\repository\commons-codec\commons-codec\1.10\commons-codec-1.10.jar;C:\Users\eost\.m2\repository\software\amazon\ion\ion-java\1.0.2\ion-java-1.0.2.jar;C:\Users\eost\.m2\repository\com\fasterxml\jackson\core\jackson-databind\2.6.7.2\jackson-databind-2.6.7.2.jar;C:\Users\eost\.m2\repository\com\fasterxml\jackson\core\jackson-annotations\2.6.0\jackson-annotations-2.6.0.jar;C:\Users\eost\.m2\repository\com\fasterxml\jackson\core\jackson-core\2.6.7\jackson-core-2.6.7.jar;C:\Users\eost\.m2\repository\com\fasterxml\jackson\dataformat\jackson-dataformat-cbor\2.6.7\jackson-dataformat-cbor-2.6.7.jar;C:\Users\eost\.m2\repository\joda-time\joda-time\2.8.1\joda-time-2.8.1.jar;C:\Users\eost\.m2\repository\com\amazonaws\jmespath-java\1.11.475\jmespath-java-1.11.475.jar;C:\Users\eost\.m2\repository\com\amazonaws\aws-java-sdk-sns\1.11.475\aws-java-sdk-sns-1.11.475.jar;C:\Users\eost\.m2\repository\com\amazonaws\aws-java-sdk-sqs\1.11.475\aws-java-sdk-sqs-1.11.475.jar;C:\Users\eost\.m2\repository\com\amazonaws\aws-java-sdk-cognitoidentity\1.11.475\aws-java-sdk-cognitoidentity-1.11.475.jar;C:\Users\eost\.m2\repository\com\amazonaws\aws-java-sdk-kinesis\1.11.475\aws-java-sdk-kinesis-1.11.475.jar;C:\Users\eost\.m2\repository\com\amazonaws\aws-java-sdk-dynamodb\1.11.475\aws-java-sdk-dynamodb-1.11.475.jar;C:\Users\eost\.m2\repository\junit\junit\4.12\junit-4.12.jar;C:\Users\eost\.m2\repository\org\hamcrest\hamcrest-core\1.3\hamcrest-core-1.3.jar;

classloader sun.misc.Launcher$AppClassLoader
/C:/Users/eost/git/lambda/job/target/surefire/surefirebooter1055127689098616174.jar:

classloader sun.misc.Launcher$ExtClassLoader
/C:/java/jdk1.8.0_192/jre/lib/ext/access-bridge-64.jar:/C:/java/jdk1.8.0_192/jre/lib/ext/cldrdata.jar:/C:/java/jdk1.8.0_192/jre/lib/ext/dnsns.jar:/C:/java/jdk1.8.0_192/jre/lib/ext/jaccess.jar:/C:/java/jdk1.8.0_192/jre/lib/ext/jfxrt.jar:/C:/java/jdk1.8.0_192/jre/lib/ext/localedata.jar:/C:/java/jdk1.8.0_192/jre/lib/ext/nashorn.jar:/C:/java/jdk1.8.0_192/jre/lib/ext/sunec.jar:/C:/java/jdk1.8.0_192/jre/lib/ext/sunjce_provider.jar:/C:/java/jdk1.8.0_192/jre/lib/ext/sunmscapi.jar:/C:/java/jdk1.8.0_192/jre/lib/ext/sunpkcs11.jar:/C:/java/jdk1.8.0_192/jre/lib/ext/zipfs.jar:

</system-out>
  </testcase>
</testsuite>